<?xml version="1.0" encoding="UTF-8"?>
<testsuite xmlns:xsi="http://www.w3.org/2001/XMLSchema-instance" xsi:noNamespaceSchemaLocation="https://maven.apache.org/surefire/maven-surefire-plugin/xsd/surefire-test-report.xsd" name="org.example.CalcTest" time="0.018" tests="1" errors="0" skipped="0" failures="0">
  <properties>
    <property name="java.specification.version" value="25"/>
    <property name="sun.cpu.isalist" value="amd64"/>
    <property name="sun.jnu.encoding" value="GBK"/>
    <property name="java.class.path" value="D:\Homework\2025autumn\SoftwareEngineeringDesignandConstruction\Tutorials\4\tutorial4\target\test-classes;D:\Homework\2025autumn\SoftwareEngineeringDesignandConstruction\Tutorials\4\tutorial4\target\classes;D:\Maven\repo\org\junit\jupiter\junit-jupiter-engine\5.4.0\junit-jupiter-engine-5.4.0.jar;D:\Maven\repo\org\apiguardian\apiguardian-api\1.0.0\apiguardian-api-1.0.0.jar;D:\Maven\repo\org\junit\platform\junit-platform-engine\1.4.0\junit-platform-engine-1.4.0.jar;D:\Maven\repo\org\opentest4j\opentest4j\1.1.1\opentest4j-1.1.1.jar;D:\Maven\repo\org\junit\platform\junit-platform-commons\1.4.0\junit-platform-commons-1.4.0.jar;D:\Maven\repo\org\junit\jupiter\junit-jupiter-api\5.4.0\junit-jupiter-api-5.4.0.jar;D:\Maven\repo\org\junit\jupiter\junit-jupiter\6.0.0\junit-jupiter-6.0.0.jar;D:\Maven\repo\org\junit\jupiter\junit-jupiter-params\6.0.0\junit-jupiter-params-6.0.0.jar;D:\Maven\repo\org\jspecify\jspecify\1.0.0\jspecify-1.0.0.jar;"/>
    <property name="java.vm.vendor" value="Oracle Corporation"/>
    <property name="sun.arch.data.model" value="64"/>
    <property name="user.variant" value=""/>
    <property name="java.vendor.url" value="https://java.oracle.com/"/>
    <property name="user.timezone" value="Asia/Shanghai"/>
    <property name="os.name" value="Windows 11"/>
    <property name="java.vm.specification.version" value="25"/>
    <property name="sun.java.launcher" value="SUN_STANDARD"/>
    <property name="user.country" value="CN"/>
    <property name="sun.boot.library.path" value="D:\Java\bin"/>
    <property name="sun.java.command" value="C:\Users\gmq03\AppData\Local\Temp\surefire17231635816289295825\surefirebooter553985441642480582.jar C:\Users\gmq03\AppData\Local\Temp\surefire17231635816289295825 2025-10-16T17-09-30_863-jvmRun1 surefire13963414234751236147tmp surefire_08529032880448652926tmp"/>
    <property name="jdk.debug" value="release"/>
    <property name="surefire.test.class.path" value="D:\Homework\2025autumn\SoftwareEngineeringDesignandConstruction\Tutorials\4\tutorial4\target\test-classes;D:\Homework\2025autumn\SoftwareEngineeringDesignandConstruction\Tutorials\4\tutorial4\target\classes;D:\Maven\repo\org\junit\jupiter\junit-jupiter-engine\5.4.0\junit-jupiter-engine-5.4.0.jar;D:\Maven\repo\org\apiguardian\apiguardian-api\1.0.0\apiguardian-api-1.0.0.jar;D:\Maven\repo\org\junit\platform\junit-platform-engine\1.4.0\junit-platform-engine-1.4.0.jar;D:\Maven\repo\org\opentest4j\opentest4j\1.1.1\opentest4j-1.1.1.jar;D:\Maven\repo\org\junit\platform\junit-platform-commons\1.4.0\junit-platform-commons-1.4.0.jar;D:\Maven\repo\org\junit\jupiter\junit-jupiter-api\5.4.0\junit-jupiter-api-5.4.0.jar;D:\Maven\repo\org\junit\jupiter\junit-jupiter\6.0.0\junit-jupiter-6.0.0.jar;D:\Maven\repo\org\junit\jupiter\junit-jupiter-params\6.0.0\junit-jupiter-params-6.0.0.jar;D:\Maven\repo\org\jspecify\jspecify\1.0.0\jspecify-1.0.0.jar;"/>
    <property name="sun.cpu.endian" value="little"/>
    <property name="user.home" value="C:\Users\gmq03"/>
    <property name="user.language" value="zh"/>
    <property name="java.specification.vendor" value="Oracle Corporation"/>
    <property name="java.version.date" value="2025-09-16"/>
    <property name="java.home" value="D:\Java"/>
    <property name="file.separator" value="\"/>
    <property name="basedir" value="D:\Homework\2025autumn\SoftwareEngineeringDesignandConstruction\Tutorials\4\tutorial4"/>
    <property name="java.vm.compressedOopsMode" value="Zero based"/>
    <property name="line.separator" value="&#10;"/>
    <property name="java.vm.specification.vendor" value="Oracle Corporation"/>
    <property name="java.specification.name" value="Java Platform API Specification"/>
    <property name="surefire.real.class.path" value="C:\Users\gmq03\AppData\Local\Temp\surefire17231635816289295825\surefirebooter553985441642480582.jar"/>
    <property name="user.script" value=""/>
    <property name="sun.management.compiler" value="HotSpot 64-Bit Tiered Compilers"/>
    <property name="java.runtime.version" value="25+37-LTS-3491"/>
    <property name="user.name" value="gmq03"/>
    <property name="stdout.encoding" value="GBK"/>
    <property name="path.separator" value=";"/>
    <property name="os.version" value="10.0"/>
    <property name="java.runtime.name" value="Java(TM) SE Runtime Environment"/>
    <property name="file.encoding" value="UTF-8"/>
    <property name="java.vm.name" value="Java HotSpot(TM) 64-Bit Server VM"/>
    <property name="localRepository" value="D:\Maven\repo"/>
    <property name="java.vendor.url.bug" value="https://bugreport.java.com/bugreport/"/>
    <property name="java.io.tmpdir" value="C:\Users\gmq03\AppData\Local\Temp\"/>
    <property name="java.version" value="25"/>
    <property name="user.dir" value="D:\Homework\2025autumn\SoftwareEngineeringDesignandConstruction\Tutorials\4\tutorial4"/>
    <property name="os.arch" value="amd64"/>
    <property name="java.vm.specification.name" value="Java Virtual Machine Specification"/>
    <property name="sun.os.patch.level" value=""/>
    <property name="native.encoding" value="GBK"/>
    <property name="java.library.path" value="D:\Java\bin;C:\Windows\Sun\Java\bin;C:\Windows\system32;C:\Windows;C:\Users\gmq03\bin;D:\Git\Git\mingw64\bin;D:\Git\Git\usr\local\bin;D:\Git\Git\usr\bin;D:\Git\Git\usr\bin;D:\Git\Git\mingw64\bin;D:\Git\Git\usr\bin;C:\Users\gmq03\bin;C:\Program Files\Common Files\Oracle\Java\javapath;C:\Windows\system32;C:\Windows;C:\Windows\System32\Wbem;C:\Windows\System32\WindowsPowerShell\v1.0;C:\Windows\System32\OpenSSH;C:\Program Files\dotnet;D:\MInGW\mingw64\bin;C:\Program Files\Microsoft SQL Server\150\Tools\Binn;C:\Program Files\Microsoft SQL Server\Client SDK\ODBC\170\Tools\Binn;D:\Windows Kits\10\Windows Performance Toolkit;D:\Git\Git\cmd;C:\Users\gmq03\AppData\Local\Microsoft\WindowsApps;D:\Microsoft VS Code\bin;C:\Users\gmq03\.dotnet\tools;D:\Maven\apache-maven-3.9.11-bin.tar.gz\apache-maven-3.9.11\bin;D:\Maven\apache-maven-3.9.11\bin;D:\Git\Git\usr\bin\vendor_perl;D:\Git\Git\usr\bin\core_perl;."/>
    <property name="java.vm.info" value="mixed mode, sharing"/>
    <property name="stderr.encoding" value="GBK"/>
    <property name="java.vendor" value="Oracle Corporation"/>
    <property name="java.vm.version" value="25+37-LTS-3491"/>
    <property name="stdin.encoding" value="GBK"/>
    <property name="sun.io.unicode.encoding" value="UnicodeLittle"/>
    <property name="java.class.version" value="69.0"/>
  </properties>
  <testcase name="testAddition" classname="org.example.CalcTest" time="0.013"/>
</testsuite>